Start testing: Mar 23 15:26 CET
----------------------------------------------------------
1/4 Testing: testvmult
1/4 Test: testvmult
Command: "/Users/eneswitwit/Github/Sumfactorization/bin/testvmult"
Directory: /Users/eneswitwit/Github/Sumfactorization/build
"testvmult" start time: Mar 23 15:26 CET
Output:
----------------------------------------------------------
/Users/eneswitwit/Github/Sumfactorization/bin/testvmult: /Users/eneswitwit/Github/Sumfactorization/bin/testvmult: cannot execute binary file
<end of output>
Test time =   0.01 sec
----------------------------------------------------------
Test Failed.
"testvmult" end time: Mar 23 15:26 CET
"testvmult" time elapsed: 00:00:00
----------------------------------------------------------

Unable to find executable: /Users/eneswitwit/Github/Sumfactorization/bin/testpolynomial
2/4 Testing: testpolynomial
2/4 Test: testpolynomial
Command: ""
Directory: /Users/eneswitwit/Github/Sumfactorization/build
"testpolynomial" start time: 
Output:
----------------------------------------------------------
<end of output>
Test time =   0.00 sec
----------------------------------------------------------
Test Passed.
"testpolynomial" end time: Mar 23 15:26 CET
"testpolynomial" time elapsed: 00:00:00
----------------------------------------------------------

3/4 Testing: testquadrature
3/4 Test: testquadrature
Command: "/Users/eneswitwit/Github/Sumfactorization/bin/testquadrature"
Directory: /Users/eneswitwit/Github/Sumfactorization/build
"testquadrature" start time: Mar 23 15:26 CET
Output:
----------------------------------------------------------
quad[0] = 0              0.05
quad[1] = 0.172673              0.272222
quad[2] = 0.5              0.355556
quad[3] = 0.827327              0.272222
quad[4] = 1              0.05
<end of output>
Test time =   0.01 sec
----------------------------------------------------------
Test Passed.
"testquadrature" end time: Mar 23 15:26 CET
"testquadrature" time elapsed: 00:00:00
----------------------------------------------------------

Unable to find executable: /Users/eneswitwit/Github/Sumfactorization/bin/testmatrices
4/4 Testing: testmatrices
4/4 Test: testmatrices
Command: ""
Directory: /Users/eneswitwit/Github/Sumfactorization/build
"testmatrices" start time: 
Output:
----------------------------------------------------------
<end of output>
Test time =   0.00 sec
----------------------------------------------------------
Test Passed.
"testmatrices" end time: Mar 23 15:26 CET
"testmatrices" time elapsed: 00:00:00
----------------------------------------------------------

End testing: Mar 23 15:26 CET
